2022-05-29 17:16:52,288 [Worker-3: Loading available Gradle versions] INFO  o.e.b.c.i.u.g.PublishedGradleVersions - Gradle version information cache is up-to-date. Trying to read.
2022-05-29 17:17:47,870 [Worker-3: Importing Maven projects] INFO  o.e.m.c.i.l.LifecycleMappingFactory - Using org.eclipse.m2e.jdt.JarLifecycleMapping lifecycle mapping for MavenProject: sistema.integrador:oo2:0.0.1-SNAPSHOT @ C:\Users\admin\Desktop\UNLA\POO2\Grupo--14--OO2-2022-\oo2\pom.xml.
2022-05-29 17:18:11,935 [Worker-3: Importing Maven projects] INFO  o.e.m.j.i.AbstractJavaProjectConfigurator - Adding source folder /oo2/src/main/java
2022-05-29 17:18:11,935 [Worker-3: Importing Maven projects] INFO  o.e.m.j.i.AbstractJavaProjectConfigurator - Adding resource folder /oo2/src/main/resources
2022-05-29 17:18:11,937 [Worker-3: Importing Maven projects] INFO  o.e.m.j.i.AbstractJavaProjectConfigurator - Adding resource folder /oo2/src/main/resources
2022-05-29 17:18:11,938 [Worker-3: Importing Maven projects] INFO  o.e.m.j.i.AbstractJavaProjectConfigurator - Adding source folder /oo2/src/test/java
2022-05-29 17:18:12,392 [Worker-3: Importing Maven projects] INFO  o.e.m.c.i.p.ProjectConfigurationManager - Imported and configured 1 project(s) in 57 sec
2022-05-29 17:18:15,638 [Worker-2: Building] INFO  o.e.m.c.i.embedder.EclipseLogger - Using 'UTF-8' encoding to copy filtered resources.
2022-05-29 17:18:15,638 [Worker-2: Building] INFO  o.e.m.c.i.embedder.EclipseLogger - Using 'UTF-8' encoding to copy filtered properties files.
2022-05-29 17:18:15,649 [Worker-2: Building] INFO  o.e.m.c.i.embedder.EclipseLogger - Copying 1 resource
2022-05-29 17:18:15,688 [Worker-2: Building] INFO  o.e.m.c.i.embedder.EclipseLogger - Copying 9 resources
2022-05-29 17:18:16,133 [Worker-2: Building] INFO  o.e.m.c.i.embedder.EclipseLogger - Using 'UTF-8' encoding to copy filtered resources.
2022-05-29 17:18:16,133 [Worker-2: Building] INFO  o.e.m.c.i.embedder.EclipseLogger - Using 'UTF-8' encoding to copy filtered properties files.
2022-05-29 17:18:16,133 [Worker-2: Building] INFO  o.e.m.c.i.embedder.EclipseLogger - skip non existing resourceDirectory C:\Users\admin\Desktop\UNLA\POO2\Grupo--14--OO2-2022-\oo2\src\test\resources
2022-05-31 11:12:09,069 [Worker-0: Loading available Gradle versions] INFO  o.e.b.c.i.u.g.PublishedGradleVersions - Gradle version information cache is up-to-date. Trying to read.
2022-05-31 11:14:30,693 [Worker-2: Loading available Gradle versions] INFO  o.e.b.c.i.u.g.PublishedGradleVersions - Gradle version information cache is up-to-date. Trying to read.
2022-05-31 11:15:35,505 [Worker-6: Importing Maven projects] INFO  o.e.m.c.i.l.LifecycleMappingFactory - Using org.eclipse.m2e.jdt.JarLifecycleMapping lifecycle mapping for MavenProject: sistema.integrador:oo2:0.0.1-SNAPSHOT @ C:\Users\admin\Desktop\UNLA\POO2\Grupo--14--OO2-2022-\oo2\pom.xml.
2022-05-31 11:15:39,012 [Worker-6: Importing Maven projects] INFO  o.e.m.j.i.AbstractJavaProjectConfigurator - Adding source folder /oo2/src/main/java
2022-05-31 11:15:39,013 [Worker-6: Importing Maven projects] INFO  o.e.m.j.i.AbstractJavaProjectConfigurator - Adding resource folder /oo2/src/main/resources
2022-05-31 11:15:39,019 [Worker-6: Importing Maven projects] INFO  o.e.m.j.i.AbstractJavaProjectConfigurator - Adding resource folder /oo2/src/main/resources
2022-05-31 11:15:39,029 [Worker-6: Importing Maven projects] INFO  o.e.m.j.i.AbstractJavaProjectConfigurator - Adding source folder /oo2/src/test/java
2022-05-31 11:15:40,073 [Worker-6: Importing Maven projects] INFO  o.e.m.c.i.p.ProjectConfigurationManager - Imported and configured 1 project(s) in 8 sec
2022-05-31 11:15:42,343 [Worker-5: Building] INFO  o.e.m.c.i.embedder.EclipseLogger - Using 'UTF-8' encoding to copy filtered resources.
2022-05-31 11:15:42,343 [Worker-5: Building] INFO  o.e.m.c.i.embedder.EclipseLogger - Using 'UTF-8' encoding to copy filtered properties files.
2022-05-31 11:15:42,349 [Worker-5: Building] INFO  o.e.m.c.i.embedder.EclipseLogger - Copying 1 resource
2022-05-31 11:15:42,368 [Worker-5: Building] INFO  o.e.m.c.i.embedder.EclipseLogger - Copying 10 resources
2022-05-31 11:15:42,404 [Worker-5: Building] INFO  o.e.m.c.i.embedder.EclipseLogger - Using 'UTF-8' encoding to copy filtered resources.
2022-05-31 11:15:42,404 [Worker-5: Building] INFO  o.e.m.c.i.embedder.EclipseLogger - Using 'UTF-8' encoding to copy filtered properties files.
2022-05-31 11:15:42,405 [Worker-5: Building] INFO  o.e.m.c.i.embedder.EclipseLogger - skip non existing resourceDirectory C:\Users\admin\Desktop\UNLA\POO2\Grupo--14--OO2-2022-\oo2\src\test\resources
2022-05-31 11:36:08,667 [Worker-12: Importing Maven projects] INFO  o.e.m.c.i.l.LifecycleMappingFactory - Using org.eclipse.m2e.jdt.JarLifecycleMapping lifecycle mapping for MavenProject: com.unla:grupoDos:0.0.1-SNAPSHOT @ C:\Users\admin\Desktop\UNLA\POO2\Grupo-2-OO2-2021-2\pom.xml.
2022-05-31 11:36:31,455 [Worker-12: Importing Maven projects] INFO  o.e.m.j.i.AbstractJavaProjectConfigurator - Adding source folder /grupoDos/src/main/java
2022-05-31 11:36:31,456 [Worker-12: Importing Maven projects] INFO  o.e.m.j.i.AbstractJavaProjectConfigurator - Adding resource folder /grupoDos/src/main/resources
2022-05-31 11:36:31,457 [Worker-12: Importing Maven projects] INFO  o.e.m.j.i.AbstractJavaProjectConfigurator - Adding resource folder /grupoDos/src/main/resources
2022-05-31 11:36:31,461 [Worker-12: Importing Maven projects] INFO  o.e.m.j.i.AbstractJavaProjectConfigurator - Adding source folder /grupoDos/src/test/java
2022-05-31 11:36:31,897 [Worker-12: Importing Maven projects] INFO  o.e.m.c.i.p.ProjectConfigurationManager - Imported and configured 1 project(s) in 27 sec
2022-05-31 11:36:43,369 [Worker-2: Building] INFO  o.e.m.c.i.embedder.EclipseLogger - Using 'UTF-8' encoding to copy filtered resources.
2022-05-31 11:36:43,369 [Worker-2: Building] INFO  o.e.m.c.i.embedder.EclipseLogger - Using 'UTF-8' encoding to copy filtered properties files.
2022-05-31 11:36:43,370 [Worker-2: Building] INFO  o.e.m.c.i.embedder.EclipseLogger - Copying 1 resource
2022-05-31 11:36:43,404 [Worker-2: Building] INFO  o.e.m.c.i.embedder.EclipseLogger - Copying 29 resources
2022-05-31 11:36:46,765 [Worker-2: Building] INFO  o.e.m.c.i.embedder.EclipseLogger - Using 'UTF-8' encoding to copy filtered resources.
2022-05-31 11:36:46,766 [Worker-2: Building] INFO  o.e.m.c.i.embedder.EclipseLogger - Using 'UTF-8' encoding to copy filtered properties files.
2022-05-31 11:36:46,766 [Worker-2: Building] INFO  o.e.m.c.i.embedder.EclipseLogger - skip non existing resourceDirectory C:\Users\admin\Desktop\UNLA\POO2\Grupo-2-OO2-2021-2\src\test\resources
2022-05-31 11:40:25,900 [Worker-12: Launching oo2 - Oo2Application] INFO  o.e.m.c.i.l.LifecycleMappingFactory - Using org.eclipse.m2e.jdt.JarLifecycleMapping lifecycle mapping for MavenProject: sistema.integrador:oo2:0.0.1-SNAPSHOT @ C:\Users\admin\Desktop\UNLA\POO2\Grupo--14--OO2-2022-\oo2\pom.xml.
2022-05-31 11:40:31,666 [Worker-12: Launching oo2 - Oo2Application] INFO  o.e.m.c.i.embedder.EclipseLogger - Using 'UTF-8' encoding to copy filtered resources.
2022-05-31 11:40:31,667 [Worker-12: Launching oo2 - Oo2Application] INFO  o.e.m.c.i.embedder.EclipseLogger - Using 'UTF-8' encoding to copy filtered properties files.
2022-05-31 11:40:31,703 [Worker-12: Launching oo2 - Oo2Application] INFO  o.e.m.c.i.embedder.EclipseLogger - Copying 0 resource
2022-05-31 11:40:31,703 [Worker-12: Launching oo2 - Oo2Application] INFO  o.e.m.c.i.embedder.EclipseLogger - Copying 0 resource
2022-05-31 11:40:31,706 [Worker-12: Launching oo2 - Oo2Application] INFO  o.e.m.c.i.embedder.EclipseLogger - Using 'UTF-8' encoding to copy filtered resources.
2022-05-31 11:40:31,706 [Worker-12: Launching oo2 - Oo2Application] INFO  o.e.m.c.i.embedder.EclipseLogger - Using 'UTF-8' encoding to copy filtered properties files.
2022-05-31 11:40:31,706 [Worker-12: Launching oo2 - Oo2Application] INFO  o.e.m.c.i.embedder.EclipseLogger - skip non existing resourceDirectory C:\Users\admin\Desktop\UNLA\POO2\Grupo--14--OO2-2022-\oo2\src\test\resources
2022-05-31 11:40:34,188 [Worker-18: Download sources and javadoc] INFO  o.e.m.c.i.e.AbstractTransferListenerAdapter - Downloading https://repo.maven.apache.org/maven2/org/springframework/security/spring-security-web/5.6.3/spring-security-web-5.6.3-sources.jar
2022-05-31 11:40:35,005 [Worker-18: Download sources and javadoc] INFO  o.e.m.c.i.e.AbstractTransferListenerAdapter - Downloaded https://repo.maven.apache.org/maven2/org/springframework/security/spring-security-web/5.6.3/spring-security-web-5.6.3-sources.jar
2022-05-31 11:40:35,011 [Worker-18: Download sources and javadoc] INFO  o.e.m.j.internal.DownloadSourcesJob - Downloaded sources for org.springframework.security:spring-security-web:5.6.3
2022-05-31 11:40:35,685 [Worker-18: Download sources and javadoc] INFO  o.e.m.c.i.e.AbstractTransferListenerAdapter - Downloading https://repo.maven.apache.org/maven2/org/springframework/security/spring-security-core/5.6.3/spring-security-core-5.6.3-sources.jar
2022-05-31 11:40:36,559 [Worker-18: Download sources and javadoc] INFO  o.e.m.c.i.e.AbstractTransferListenerAdapter - Downloaded https://repo.maven.apache.org/maven2/org/springframework/security/spring-security-core/5.6.3/spring-security-core-5.6.3-sources.jar
2022-05-31 11:40:36,564 [Worker-18: Download sources and javadoc] INFO  o.e.m.j.internal.DownloadSourcesJob - Downloaded sources for org.springframework.security:spring-security-core:5.6.3
2022-05-31 11:40:37,178 [Worker-18: Download sources and javadoc] INFO  o.e.m.c.i.e.AbstractTransferListenerAdapter - Downloading https://repo.maven.apache.org/maven2/org/springframework/security/spring-security-crypto/5.6.3/spring-security-crypto-5.6.3-sources.jar
2022-05-31 11:40:37,827 [Worker-18: Download sources and javadoc] INFO  o.e.m.c.i.e.AbstractTransferListenerAdapter - Downloaded https://repo.maven.apache.org/maven2/org/springframework/security/spring-security-crypto/5.6.3/spring-security-crypto-5.6.3-sources.jar
2022-05-31 11:40:37,832 [Worker-18: Download sources and javadoc] INFO  o.e.m.j.internal.DownloadSourcesJob - Downloaded sources for org.springframework.security:spring-security-crypto:5.6.3
2022-05-31 11:40:38,492 [Worker-18: Download sources and javadoc] INFO  o.e.m.c.i.e.AbstractTransferListenerAdapter - Downloading https://repo.maven.apache.org/maven2/org/springframework/security/spring-security-config/5.6.3/spring-security-config-5.6.3-sources.jar
2022-05-31 11:40:39,882 [Worker-18: Download sources and javadoc] INFO  o.e.m.c.i.e.AbstractTransferListenerAdapter - Downloaded https://repo.maven.apache.org/maven2/org/springframework/security/spring-security-config/5.6.3/spring-security-config-5.6.3-sources.jar
2022-05-31 11:40:39,887 [Worker-18: Download sources and javadoc] INFO  o.e.m.j.internal.DownloadSourcesJob - Downloaded sources for org.springframework.security:spring-security-config:5.6.3
2022-05-31 11:40:40,496 [Worker-18: Download sources and javadoc] INFO  o.e.m.c.i.e.AbstractTransferListenerAdapter - Downloading https://repo.maven.apache.org/maven2/org/springframework/boot/spring-boot-starter-security/2.6.7/spring-boot-starter-security-2.6.7-sources.jar
2022-05-31 11:40:40,849 [Worker-18: Download sources and javadoc] INFO  o.e.m.c.i.e.AbstractTransferListenerAdapter - Downloaded https://repo.maven.apache.org/maven2/org/springframework/boot/spring-boot-starter-security/2.6.7/spring-boot-starter-security-2.6.7-sources.jar
2022-05-31 11:40:40,854 [Worker-18: Download sources and javadoc] INFO  o.e.m.j.internal.DownloadSourcesJob - Downloaded sources for org.springframework.boot:spring-boot-starter-security:2.6.7
2022-05-31 11:40:41,479 [Worker-18: Download sources and javadoc] INFO  o.e.m.c.i.e.AbstractTransferListenerAdapter - Downloading https://repo.maven.apache.org/maven2/org/springframework/security/spring-security-acl/5.6.3/spring-security-acl-5.6.3-sources.jar
2022-05-31 11:40:42,039 [Worker-18: Download sources and javadoc] INFO  o.e.m.c.i.e.AbstractTransferListenerAdapter - Downloaded https://repo.maven.apache.org/maven2/org/springframework/security/spring-security-acl/5.6.3/spring-security-acl-5.6.3-sources.jar
2022-05-31 11:40:42,215 [Worker-18: Download sources and javadoc] INFO  o.e.m.j.internal.DownloadSourcesJob - Downloaded sources for org.springframework.security:spring-security-acl:5.6.3
2022-05-31 11:40:53,923 [Worker-18: Building] INFO  o.e.m.c.i.embedder.EclipseLogger - Using 'UTF-8' encoding to copy filtered resources.
2022-05-31 11:40:53,923 [Worker-18: Building] INFO  o.e.m.c.i.embedder.EclipseLogger - Using 'UTF-8' encoding to copy filtered properties files.
2022-05-31 11:40:53,972 [Worker-18: Building] INFO  o.e.m.c.i.embedder.EclipseLogger - Copying 1 resource
2022-05-31 11:40:54,233 [Worker-18: Building] INFO  o.e.m.c.i.embedder.EclipseLogger - Copying 10 resources
2022-05-31 11:40:55,730 [Worker-18: Building] INFO  o.e.m.c.i.embedder.EclipseLogger - Using 'UTF-8' encoding to copy filtered resources.
2022-05-31 11:40:55,730 [Worker-18: Building] INFO  o.e.m.c.i.embedder.EclipseLogger - Using 'UTF-8' encoding to copy filtered properties files.
2022-05-31 11:40:55,731 [Worker-18: Building] INFO  o.e.m.c.i.embedder.EclipseLogger - skip non existing resourceDirectory C:\Users\admin\Desktop\UNLA\POO2\Grupo--14--OO2-2022-\oo2\src\test\resources
